make all --print-data-base --no-builtin-variables --no-builtin-rules --question
# GNU Make 4.2.1
# Built for x86_64-pc-linux-gnu
# Copyright (C) 1988-2016 Free Software Foundation, Inc.
# License GPLv3+: GNU GPL version 3 or later <http://gnu.org/licenses/gpl.html>
# This is free software: you are free to change and redistribute it.
# There is NO WARRANTY, to the extent permitted by law.

# Make data base, printed on Tue Nov  9 01:41:11 2021

# Variables

# 'override' directive
GNUMAKEFLAGS := 
# automatic
<D = $(patsubst %/,%,$(dir $<))
# automatic
?F = $(notdir $?)
# environment
PAPERSIZE = a4
# environment
DESKTOP_SESSION = ubuntu
# default
.SHELLFLAGS := -c
# makefile (from 'Makefile', line 4)
SERVER := main_servidor.cpp Servidor/notificacao_servidor.cpp Servidor/tcp_servidor.cpp Servidor/replica.cpp Servidor/usuario.cpp utilitarios/utilitarios.cpp utilitarios/notificacao.cpp
# environment
XDG_SESSION_CLASS = user
# makefile (from 'Makefile', line 2)
SRC := main_servidor.cpp main_cliente.cpp Cliente/frontend_tcp.cpp Cliente/tcp_cliente.cpp Cliente/interface_cliente.cpp utilitarios/utilitarios.cpp utilitarios/notificacao.cpp
# environment
XDG_SESSION_TYPE = x11
# environment
VSCODE_LOG_NATIVE = false
# automatic
?D = $(patsubst %/,%,$(dir $?))
# environment
IM_CONFIG_PHASE = 1
# automatic
@D = $(patsubst %/,%,$(dir $@))
# environment
XAUTHORITY = /run/user/1000/gdm/Xauthority
# environment
GDMSESSION = ubuntu
# environment
XMODIFIERS = @im=ibus
# makefile
CURDIR := /home/bruna/Área de Trabalho/2-Twitter
# makefile
SHELL = /bin/sh
# environment
VSCODE_NLS_CONFIG = {"locale":"pt-br","availableLanguages":{"*":"pt-br"},"_languagePackId":"6ea46340c3154fe0fe6192383ce27dbf.pt-br","_translationsConfigFile":"/home/bruna/.config/Code/clp/6ea46340c3154fe0fe6192383ce27dbf.pt-br/tcf.json","_cacheRoot":"/home/bruna/.config/Code/clp/6ea46340c3154fe0fe6192383ce27dbf.pt-br","_resolvedLanguagePackCoreLocation":"/home/bruna/.config/Code/clp/6ea46340c3154fe0fe6192383ce27dbf.pt-br/6cba118ac49a1b88332f312a8f67186f7f3c1643","_corruptedFile":"/home/bruna/.config/Code/clp/6ea46340c3154fe0fe6192383ce27dbf.pt-br/corrupted.info","_languagePackSupport":true}
# environment
_ = /usr/share/code/code
# environment
JOURNAL_STREAM = 8:29739
# environment
XDG_CONFIG_DIRS = /etc/xdg/xdg-ubuntu:/etc/xdg
# makefile (from 'Makefile', line 1)
MAKEFILE_LIST :=  Makefile
# automatic
@F = $(notdir $@)
# environment
GIO_LAUNCHED_DESKTOP_FILE = /usr/share/applications/code.desktop
# environment
USERNAME = bruna
# environment
MAKELEVEL := 0
# environment
XDG_DATA_DIRS = /usr/share/ubuntu:/usr/local/share/:/usr/share/:/var/lib/snapd/desktop
# environment
DBUS_SESSION_BUS_ADDRESS = unix:path=/run/user/1000/bus
# environment
VSCODE_VERBOSE_LOGGING = true
# environment
MANAGERPID = 960
# environment
LESSOPEN = | /usr/bin/lesspipe %s
# environment
LC_NAME = es_UY.UTF-8
# environment
VSCODE_CWD = /home/bruna
# default
MAKE_HOST := x86_64-pc-linux-gnu
# environment
PATH = /usr/local/sbin:/usr/local/bin:/usr/sbin:/usr/bin:/sbin:/bin:/usr/games:/usr/local/games:/snap/bin
# environment
GPG_AGENT_INFO = /run/user/1000/gnupg/S.gpg-agent:0:1
# environment
GJS_DEBUG_OUTPUT = stderr
# environment
SESSION_MANAGER = local/bruna-VirtualBox:@/tmp/.ICE-unix/1231,unix/bruna-VirtualBox:/tmp/.ICE-unix/1231
# environment
XDG_RUNTIME_DIR = /run/user/1000
# environment
XDG_MENU_PREFIX = gnome-
# environment
VSCODE_LOG_STACK = false
# environment
VSCODE_CRASH_REPORTER_START_OPTIONS = {"companyName":"Microsoft","productName":"VSCode","submitURL":"appcenter://code?aid=fba07a4d-84bd-4fc8-a125-9640fc8ce171&uid=0f33bc2f-5234-4da7-b25f-4216ffbafdfd&iid=0f33bc2f-5234-4da7-b25f-4216ffbafdfd&sid=0f33bc2f-5234-4da7-b25f-4216ffbafdfd","uploadToServer":true}
# environment
INVOCATION_ID = a9475e4f4d0747d59917b03d8caf2c9c
# default
.FEATURES := target-specific order-only second-expansion else-if shortest-stem undefine oneshell archives jobserver output-sync check-symlink load
# environment
LS_COLORS = 
# environment
XDG_SESSION_DESKTOP = ubuntu
# environment
SSH_AUTH_SOCK = /run/user/1000/keyring/ssh
# environment
GIO_LAUNCHED_DESKTOP_FILE_PID = 1648
# automatic
%F = $(notdir $%)
# environment
DISPLAY = :0
# environment
VSCODE_PIPE_LOGGING = true
# environment
PWD = /home/bruna/Área de Trabalho/2-Twitter
# default
.LOADED := 
# environment
SSH_AGENT_PID = 1183
# environment
ORIGINAL_XDG_CURRENT_DESKTOP = ubuntu:GNOME
# environment
GTK_MODULES = gail:atk-bridge
# environment
VSCODE_AMD_ENTRYPOINT = vs/workbench/services/extensions/node/extensionHostProcess
# environment
HOME = /home/bruna
# environment
LESSCLOSE = /usr/bin/lesspipe %s %s
# environment
VSCODE_CODE_CACHE_PATH = /home/bruna/.config/Code/CachedData/6cba118ac49a1b88332f312a8f67186f7f3c1643
# environment
LOGNAME = bruna
# environment
APPLICATION_INSIGHTS_NO_DIAGNOSTIC_CHANNEL = true
# automatic
+F = $(notdir $+)
# environment
VSCODE_HANDLES_UNCAUGHT_ERRORS = true
# environment
GNOME_DESKTOP_SESSION_ID = this-is-deprecated
# automatic
^D = $(patsubst %/,%,$(dir $^))
# environment
LC_TIME = es_UY.UTF-8
# default
MAKE = $(MAKE_COMMAND)
# default
MAKECMDGOALS := all
# environment
QT_IM_MODULE = ibus
# environment
SHLVL = 0
# makefile (from 'Makefile', line 3)
CLIENT := main_cliente.cpp Cliente/frontend_tcp.cpp Cliente/tcp_cliente.cpp Cliente/interface_cliente.cpp utilitarios/utilitarios.cpp utilitarios/notificacao.cpp
# environment
GNOME_SHELL_SESSION_MODE = ubuntu
# environment
VSCODE_IPC_HOOK_EXTHOST = /run/user/1000/vscode-ipc-c2bc5608-298e-471a-91a4-74ece8a18b1d.sock
# default
MAKE_VERSION := 4.2.1
# environment
USER = bruna
# environment
LC_MONETARY = es_UY.UTF-8
# makefile
.DEFAULT_GOAL := all
# environment
XDG_CURRENT_DESKTOP = Unity
# automatic
%D = $(patsubst %/,%,$(dir $%))
# environment
LC_TELEPHONE = es_UY.UTF-8
# default
MAKE_COMMAND := make
# default
.VARIABLES := 
# automatic
*F = $(notdir $*)
# environment
LANGUAGE = pt_BR:pt_PT:en
# environment
VSCODE_IPC_HOOK = /run/user/1000/vscode-6341e0d2-1.61.2-main.sock
# makefile
MAKEFLAGS = pqrR
# environment
MFLAGS = -pqrR
# automatic
*D = $(patsubst %/,%,$(dir $*))
# environment
BREAKPAD_DUMP_LOCATION = /home/bruna/.config/Code/exthost Crash Reports
# automatic
+D = $(patsubst %/,%,$(dir $+))
# environment
GDK_BACKEND = x11
# environment
LC_PAPER = es_UY.UTF-8
# environment
QT_ACCESSIBILITY = 1
# default
MAKEFILES := 
# environment
LC_NUMERIC = es_UY.UTF-8
# automatic
<F = $(notdir $<)
# environment
ELECTRON_RUN_AS_NODE = 1
# environment
LC_MEASUREMENT = es_UY.UTF-8
# environment
LC_ALL = C
# environment
GJS_DEBUG_TOPICS = JS ERROR;JS LOG
# automatic
^F = $(notdir $^)
# default
SUFFIXES := 
# makefile (from 'Makefile', line 1)
FLAGS = -pthread -Wall -g -std=c++11
# environment
CHROME_DESKTOP = code-url-handler.desktop
# environment
WINDOWPATH = 2
# default
.INCLUDE_DIRS = /usr/include /usr/local/include /usr/include
# environment
LC_IDENTIFICATION = es_UY.UTF-8
# default
.RECIPEPREFIX := 
# environment
LC_ADDRESS = es_UY.UTF-8
# environment
LANG = C
# environment
VSCODE_PID = 1648
# variable set hash-table stats:
# Load=114/1024=11%, Rehash=0, Collisions=19/150=13%

# Pattern-specific Variable Values

# No pattern-specific variable values.

# Directories

# . (device 2053, inode 817109): 15 files, no impossibilities.
# Servidor (device 2053, inode 817455): 10 files, no impossibilities.
# utilitarios (device 2053, inode 817467): 13 files, no impossibilities.
# Server: could not be stat'd.
# Cliente (device 2053, inode 817447): 8 files, no impossibilities.

# 46 files, no impossibilities in 5 directories.

# Implicit Rules

# No implicit rules.

# Files

# Not a target:
utilitarios/utilitarios.cpp:
#  Implicit rule search has been done.
#  Last modified 2021-11-05 15:36:30.178535492
#  File has been updated.
#  Successfully updated.

# Not a target:
Servidor/notificacao_servidor.cpp:
#  Implicit rule search has not been done.
#  Modification time never checked.
#  File has not been updated.

# Not a target:
Cliente/interface_cliente.cpp:
#  Implicit rule search has been done.
 
#  Last modified 2021-11-09 01:29:46.076027689
#  File has been updated.
#  Successfully updated.

all: main_servidor.cpp main_cliente.cpp Cliente/frontend_tcp.cpp Cliente/tcp_cliente.cpp Cliente/interface_cliente.cpp utilitarios/utilitarios.cpp utilitarios/notificacao.cpp
#  Command line target.
#  Implicit rule search has not been done.
#  Implicit/static pattern stem: ''
#  File does not exist.
#  File has been updated.
#  Needs to be updated (-q is set).
# automatic
# @ := all
# automatic
# % := 
# automatic
# * := 
# automatic
# + := main_servidor.cpp main_cliente.cpp Cliente/frontend_tcp.cpp Cliente/tcp_cliente.cpp Cliente/interface_cliente.cpp utilitarios/utilitarios.cpp utilitarios/notificacao.cpp
# automatic
# | := 
# automatic
# < := main_servidor.cpp
# automatic
# ^ := main_servidor.cpp main_cliente.cpp Cliente/frontend_tcp.cpp Cliente/tcp_cliente.cpp Cliente/interface_cliente.cpp utilitarios/utilitarios.cpp utilitarios/notificacao.cpp
# automatic
# ? := main_servidor.cpp main_cliente.cpp Cliente/frontend_tcp.cpp Cliente/tcp_cliente.cpp Cliente/interface_cliente.cpp utilitarios/utilitarios.cpp utilitarios/notificacao.cpp
# variable set hash-table stats:
# Load=8/32=25%, Rehash=0, Collisions=1/15=7%
#  recipe to execute (from 'Makefile', line 6):
	g++ $(FLAGS) $(SERVER) -o server
	g++ $(FLAGS) $(CLIENT) -o client

client: main_cliente.cpp Cliente/frontend_tcp.cpp Cliente/tcp_cliente.cpp Cliente/interface_cliente.cpp utilitarios/utilitarios.cpp utilitarios/notificacao.cpp
#  Implicit rule search has not been done.
#  Modification time never checked.
#  File has not been updated.
#  recipe to execute (from 'Makefile', line 13):
	g++ $(FLAGS) main_cliente.cpp Cliente/*.cpp utilitarios/*.cpp -o client

# Not a target:
Cliente/frontend_tcp.cpp:
#  Implicit rule search has been done.
#  Last modified 2021-11-09 00:49:57.166165074
#  File has been updated.
#  Successfully updated.

# Not a target:
.SUFFIXES:
#  Implicit rule search has not been done.
#  Modification time never checked.
#  File has not been updated.

# Not a target:
Makefile:
#  Implicit rule search has been done.
#  Last modified 2021-11-05 15:36:30.166535153
#  File has been updated.
#  Successfully updated.

server: main_servidor.cpp Servidor/notificacao_servidor.cpp Servidor/tcp_servidor.cpp Servidor/replica.cpp Servidor/usuario.cpp utilitarios/utilitarios.cpp utilitarios/notificacao.cpp
#  Implicit rule search has not been done.
#  Modification time never checked.
#  File has not been updated.
#  recipe to execute (from 'Makefile', line 10):
	g++ $(FLAGS) main_servidor.cpp Servidor/*.cpp -o server

# Not a target:
main_servidor.cpp:
#  Implicit rule search has been done.
#  Last modified 2021-11-09 00:12:25.711914566
#  File has been updated.
#  Successfully updated.

# Not a target:
Cliente/tcp_cliente.cpp:
#  Implicit rule search has been done.
#  Last modified 2021-11-09 00:12:25.70791388
#  File has been updated.
#  Successfully updated.

# Not a target:
Servidor/usuario.cpp:
#  Implicit rule search has not been done.
#  Modification time never checked.
#  File has not been updated.

run_replicas: main_servidor.cpp Servidor/notificacao_servidor.cpp Servidor/tcp_servidor.cpp Servidor/replica.cpp Servidor/usuario.cpp utilitarios/utilitarios.cpp utilitarios/notificacao.cpp
#  Implicit rule search has not been done.
#  Modification time never checked.
#  File has not been updated.
#  recipe to execute (from 'Makefile', line 16):
	./server 1 127.0.0.1 primario
	sleep 1.5
	./server 2 127.0.0.2 replica
	sleep 1.5
	./server 3 127.0.0.3 replica
	sleep 1.5
	./server 4 127.0.0.4 replica
	sleep 1.5

# Not a target:
Servidor/tcp_servidor.cpp:
#  Implicit rule search has not been done.
#  Modification time never checked.
#  File has not been updated.

# Not a target:
.DEFAULT:
#  Implicit rule search has not been done.
#  Modification time never checked.
#  File has not been updated.

# Not a target:
Servidor/replica.cpp:
#  Implicit rule search has not been done.
#  Modification time never checked.
#  File has not been updated.

# Not a target:
main_cliente.cpp:
#  Implicit rule search has been done.
#  Last modified 2021-11-09 00:12:25.711914566
#  File has been updated.
#  Successfully updated.

# Not a target:
utilitarios/notificacao.cpp:
#  Implicit rule search has been done.
#  Last modified 2021-11-05 18:12:40.153154796
#  File has been updated.
#  Successfully updated.

# files hash-table stats:
# Load=18/1024=2%, Rehash=0, Collisions=0/57=0%
# VPATH Search Paths

# No 'vpath' search paths.

# No general ('VPATH' variable) search path.

# strcache buffers: 1 (0) / strings = 56 / storage = 860 B / avg = 15 B
# current buf: size = 8162 B / used = 860 B / count = 56 / avg = 15 B

# strcache performance: lookups = 95 / hit rate = 41%
# hash-table stats:
# Load=56/8192=1%, Rehash=0, Collisions=4/95=4%
# Finished Make data base on Tue Nov  9 01:41:11 2021

 
